<?xml version="1.0" encoding="UTF-8"?>
<!-- Generated by org.testng.reporters.JUnitReportReporter -->
<testsuite hostname="CDC2-LX-1MX6QQ2" name="testpack.NewTest" tests="1" failures="0" timestamp="24 Jul 2019 09:22:39 GMT" time="16.593" errors="0">
  <testcase name="f" time="16.593" classname="testpack.NewTest"/>
</testsuite> <!-- testpack.NewTest -->
